<?xml version="1.0" encoding="UTF-8"?>
<!-- Generated by org.testng.reporters.JUnitReportReporter -->
<testsuite skipped="1" hostname="LAPTOP-NCMTQCEJ" name="testCases.ManageExpensesTestCases" tests="3" failures="0" timestamp="2022-05-13T13:30:49 EDT" time="23.109" errors="0">
  <testcase name="verifyCalenderDateSelection" time="14.025" classname="testCases.ManageExpensesTestCases"/>
  <system-out/>
  <testcase name="verifyDuplicationOfExpenseCategory" time="9.084" classname="testCases.ManageExpensesTestCases"/>
  <system-out/>
  <testcase name="verifyAddNewExpense" classname="testCases.ManageExpensesTestCases">
    <skipped/>
  </testcase> <!-- verifyAddNewExpense -->
  <system-out/>
</testsuite> <!-- testCases.ManageExpensesTestCases -->
